[Sun Apr 14 13:39:37.258 2019] 0.001 sec 0.001 sec [ext/0/rel 20 (0,20)] [results1] как
[Sun Apr 14 13:39:42.562 2019] 0.000 sec 0.000 sec [scan/0/rel 40 (0,20)] [results1]
[Sun Apr 14 13:39:58.414 2019] 0.001 sec 0.001 sec [ext/0/rel 20 (0,20)] [results1] как
[Sun Apr 14 13:40:01.380 2019] 0.000 sec 0.000 sec [scan/0/rel 40 (0,20)] [results1]
[Sun Apr 14 13:40:26.295 2019] 0.001 sec 0.001 sec [ext/0/rel 20 (0,20)] [results1] как
[Sun Apr 14 13:40:28.600 2019] 0.000 sec 0.000 sec [scan/0/rel 40 (0,20)] [results1]
[Sun Apr 14 13:43:49.874 2019] 0.000 sec 0.000 sec [ext/0/rel 20 (0,20)] [results1] как
[Sun Apr 14 13:43:52.491 2019] 0.000 sec 0.000 sec [scan/0/rel 40 (0,20)] [results1]
[Sun Apr 14 13:48:01.366 2019] 0.000 sec 0.000 sec [ext/0/rel 20 (0,20)] [results1] как
[Sun Apr 14 13:48:04.037 2019] 0.000 sec 0.000 sec [scan/0/rel 40 (0,20)] [results1]
[Sun Apr 14 13:50:11.463 2019] 0.001 sec 0.001 sec [ext/0/rel 20 (0,20)] [results1] как
[Sun Apr 14 13:50:14.456 2019] 0.000 sec 0.000 sec [scan/0/rel 40 (0,20)] [results1]
[Sun Apr 14 13:50:32.234 2019] 0.000 sec 0.000 sec [ext/0/rel 20 (0,20)] [results1] как
[Sun Apr 14 13:50:34.297 2019] 0.000 sec 0.000 sec [scan/0/rel 40 (0,20)] [results1]
[Sun Apr 14 13:54:50.324 2019] 0.001 sec 0.001 sec [ext/0/rel 20 (0,20)] [results1] как
[Sun Apr 14 13:54:52.632 2019] 0.000 sec 0.000 sec [scan/0/rel 40 (0,20)] [results1]
[Sun Apr 14 13:56:06.785 2019] 0.000 sec 0.000 sec [ext/0/rel 20 (0,20)] [results1] как
[Sun Apr 14 13:56:09.278 2019] 0.000 sec 0.000 sec [scan/0/rel 40 (0,20)] [results1]
[Sun Apr 14 14:00:06.298 2019] 0.001 sec 0.001 sec [ext/0/rel 20 (0,20)] [results1] как
[Sun Apr 14 14:00:08.668 2019] 0.000 sec 0.000 sec [scan/0/rel 40 (0,20)] [results1]
[Sun Apr 14 14:01:38.526 2019] 0.001 sec 0.001 sec [ext/0/rel 20 (0,20)] [results1] как
[Sun Apr 14 14:01:40.937 2019] 0.000 sec 0.000 sec [scan/0/rel 40 (0,20)] [results1]
[Sun Apr 14 14:01:50.803 2019] 0.001 sec 0.001 sec [ext/0/rel 20 (0,20)] [results1] как
[Sun Apr 14 14:01:53.238 2019] 0.000 sec 0.000 sec [scan/0/rel 40 (0,20)] [results1]
[Sun Apr 14 14:32:12.840 2019] 0.001 sec 0.001 sec [ext/0/rel 20 (0,20)] [results1] как
[Sun Apr 14 14:32:15.567 2019] 0.000 sec 0.000 sec [scan/0/rel 40 (0,20)] [results1]
[Sun Apr 14 14:32:35.842 2019] 0.001 sec 0.001 sec [ext/0/rel 20 (0,20)] [results1] как
[Sun Apr 14 14:32:37.913 2019] 0.000 sec 0.000 sec [scan/0/rel 40 (0,20)] [results1]
[Sun Apr 14 14:32:55.102 2019] 0.000 sec 0.000 sec [ext/0/rel 20 (0,20)] [results1] как
[Sun Apr 14 14:32:57.162 2019] 0.000 sec 0.000 sec [scan/0/rel 40 (0,20)] [results1]
[Sun Apr 14 15:34:55.803 2019] 0.001 sec 0.001 sec [ext/0/rel 20 (0,20)] [results1] как
[Sun Apr 14 15:35:35.583 2019] 0.001 sec 0.001 sec [ext/0/rel 20 (0,20)] [results1] как 
[Sun Apr 14 15:35:36.697 2019] 0.139 sec 0.139 sec [ext/0/rel 19 (0,20)] [results1] как тре
[Sun Apr 14 15:36:37.984 2019] 0.002 sec 0.002 sec [ext/0/rel 17 (0,20)] [results1] как трениров
[Sun Apr 14 15:36:38.807 2019] 0.001 sec 0.001 sec [ext/0/rel 6 (0,20)] [results1] как тренирова
[Sun Apr 14 15:36:39.694 2019] 0.001 sec 0.001 sec [ext/0/rel 6 (0,20)] [results1] как тренироват
[Sun Apr 14 15:36:41.479 2019] 0.001 sec 0.001 sec [ext/0/rel 8 (0,20)] [results1] как тренировать
[Sun Apr 14 15:36:45.325 2019] 0.002 sec 0.002 sec [ext/0/rel 8 (0,20)] [results1] как тренировать 
[Sun Apr 14 15:36:49.593 2019] 0.001 sec 0.001 sec [ext/0/rel 8 (0,20)] [results1] как тренировать п
[Sun Apr 14 15:36:50.283 2019] 0.049 sec 0.049 sec [ext/0/rel 3 (0,20)] [results1] как тренировать пле
[Sun Apr 14 15:36:50.854 2019] 0.001 sec 0.001 sec [ext/0/rel 3 (0,20)] [results1] как тренировать пле
[Sun Apr 14 15:36:53.997 2019] 0.001 sec 0.001 sec [ext/0/rel 3 (0,20)] [results1] как тренировать плеч
[Sun Apr 14 15:36:55.020 2019] 0.010 sec 0.010 sec [ext/0/rel 2 (0,20)] [results1] как тренировать плечи
[Sun Apr 14 15:37:10.416 2019] 0.001 sec 0.001 sec [ext/0/rel 8 (0,20)] [results1] как тренировать 
[Sun Apr 14 15:37:12.146 2019] 0.001 sec 0.001 sec [ext/0/rel 2 (0,20)] [results1] как тренировать ноги
[Sun Apr 14 15:37:52.455 2019] 0.000 sec 0.000 sec [ext/0/rel 10 (0,20)] [results1] ноги
[Sun Apr 14 15:39:07.167 2019] 0.000 sec 0.000 sec [scan/0/rel 40 (0,20)] [results1]
[Sun Apr 14 15:42:33.812 2019] 0.000 sec 0.000 sec [ext/0/rel 20 (0,20)] [results1] как
[Sun Apr 14 15:42:36.750 2019] 0.000 sec 0.000 sec [scan/0/rel 40 (0,20)] [results1]
[Sun Apr 14 15:45:59.239 2019] 0.001 sec 0.001 sec [ext/0/rel 20 (0,20)] [results1] сил
[Sun Apr 14 15:45:59.966 2019] 0.000 sec 0.000 sec [ext/0/rel 16 (0,20)] [results1] сила
[Sun Apr 14 15:46:41.899 2019] 0.000 sec 0.000 sec [scan/0/rel 40 (0,20)] [results1]
[Sun Apr 14 15:58:42.112 2019] 0.041 sec 0.041 sec [ext/0/rel 0 (0,20)] [results1] бицу
[Sun Apr 14 15:58:43.011 2019] 0.000 sec 0.000 sec [ext/0/rel 7 (0,20)] [results1] бицуха
[Sun Apr 14 16:08:58.561 2019] 0.000 sec 0.000 sec [ext/0/rel 1 (0,20)] [results1] атф
[Sun Apr 14 16:09:08.346 2019] 0.001 sec 0.001 sec [ext/0/rel 20 (0,20)] [results1] как
[Sun Apr 14 17:10:42.945 2019] 0.057 sec 0.057 sec [ext/0/rel 0 (0,20)] [results1] ыыыы
[Sun Apr 14 17:11:01.650 2019] 0.000 sec 0.000 sec [ext/0/rel 13 (0,20)] [results1] физ
[Sun Apr 14 17:11:07.545 2019] 0.000 sec 0.000 sec [scan/0/rel 40 (0,20)] [results1]
[Sun Apr 14 20:41:11.134 2019] 0.125 sec 0.125 sec [ext/0/rel 20 (0,20)] [results1] как
[Sun Apr 14 20:41:19.880 2019] 0.000 sec 0.000 sec [scan/0/rel 40 (0,20)] [results1]
[Sun Apr 14 20:41:52.009 2019] 0.006 sec 0.006 sec [ext/0/rel 20 (0,20)] [results1] как
[Sun Apr 14 20:41:56.337 2019] 0.001 sec 0.001 sec [ext/0/rel 20 (0,20)] [results1] как
[Sun Apr 14 20:44:28.866 2019] 0.010 sec 0.010 sec [ext/0/rel 20 (0,20)] [results1] как
[Sun Apr 14 20:44:32.106 2019] 0.001 sec 0.001 sec [ext/0/rel 20 (0,20)] [results1] как
[Sun Apr 14 20:50:23.915 2019] 0.001 sec 0.001 sec [ext/0/rel 20 (0,20)] [results1] как
[Sun Apr 14 20:50:27.427 2019] 0.000 sec 0.000 sec [ext/0/rel 20 (0,20)] [results1] как
[Sun Apr 14 20:53:24.103 2019] 0.000 sec 0.000 sec [ext/0/rel 20 (0,20)] [results1] как
[Sun Apr 14 20:53:26.913 2019] 0.002 sec 0.002 sec [ext/0/rel 20 (0,20)] [results1] как
[Sun Apr 14 20:54:39.813 2019] 0.001 sec 0.001 sec [ext/0/rel 20 (0,20)] [results1] как
[Sun Apr 14 20:54:42.662 2019] 0.000 sec 0.000 sec [ext/0/rel 20 (0,20)] [results1] как
[Sun Apr 14 20:54:53.638 2019] 0.000 sec 0.000 sec [scan/0/rel 40 (0,20)] [results1]
[Sun Apr 14 20:55:45.855 2019] 0.001 sec 0.001 sec [ext/0/rel 20 (0,20)] [results1] как
[Sun Apr 14 20:55:49.640 2019] 0.001 sec 0.001 sec [ext/0/rel 20 (0,20)] [results1] как
[Sun Apr 14 20:56:43.649 2019] 0.006 sec 0.006 sec [ext/0/rel 20 (0,20)] [results1] как
[Sun Apr 14 20:56:48.339 2019] 0.000 sec 0.000 sec [ext/0/rel 20 (0,20)] [results1] как
[Sun Apr 14 21:00:42.406 2019] 0.001 sec 0.001 sec [ext/0/rel 20 (0,20)] [results1] как
[Sun Apr 14 21:00:45.502 2019] 0.001 sec 0.001 sec [ext/0/rel 20 (0,20)] [results1] как
[Sun Apr 14 21:06:18.193 2019] 0.001 sec 0.001 sec [ext/0/rel 20 (0,20)] [results1] как
[Sun Apr 14 21:06:21.364 2019] 0.001 sec 0.001 sec [ext/0/rel 20 (0,20)] [results1] как
[Sun Apr 14 22:43:58.276 2019] 0.000 sec 0.000 sec [ext/0/rel 20 (0,20)] [results1] как
[Sun Apr 14 22:44:01.370 2019] 0.000 sec 0.000 sec [ext/0/rel 20 (0,20)] [results1] как
[Sun Apr 14 22:46:46.562 2019] 0.000 sec 0.000 sec [ext/0/rel 20 (0,20)] [results1] как
[Sun Apr 14 22:46:49.338 2019] 0.000 sec 0.000 sec [ext/0/rel 20 (0,20)] [results1] как
[Tue Apr 16 13:32:02.628 2019] 0.040 sec 0.040 sec [ext/0/rel 20 (0,20)] [results1] как
[Tue Apr 16 13:32:06.439 2019] 0.006 sec 0.006 sec [ext/0/rel 20 (0,20)] [results1] как
[Tue Apr 16 17:41:49.839 2019] 0.001 sec 0.001 sec [ext/0/rel 20 (0,20)] [results1] как
[Tue Apr 16 17:41:52.572 2019] 0.000 sec 0.000 sec [ext/0/rel 20 (0,20)] [results1] как
[Tue Apr 16 17:43:21.153 2019] 0.000 sec 0.000 sec [ext/0/rel 20 (0,20)] [results1] как
[Tue Apr 16 17:43:23.363 2019] 0.001 sec 0.001 sec [ext/0/rel 20 (0,20)] [results1] как
[Tue Apr 16 17:44:43.320 2019] 0.001 sec 0.001 sec [ext/0/rel 20 (0,20)] [results1] как
[Tue Apr 16 17:44:46.335 2019] 0.001 sec 0.001 sec [ext/0/rel 20 (0,20)] [results1] как
[Tue Apr 16 22:16:24.611 2019] 0.001 sec 0.001 sec [ext/0/rel 20 (0,20)] [results1] как
[Tue Apr 16 22:16:27.341 2019] 0.000 sec 0.000 sec [ext/0/rel 20 (0,20)] [results1] как
[Wed Apr 17 00:19:20.753 2019] 0.001 sec 0.001 sec [ext/0/rel 20 (0,20)] [results1] как
[Wed Apr 17 00:19:26.444 2019] 0.000 sec 0.000 sec [ext/0/rel 20 (0,20)] [results1] как
[Wed Apr 17 00:23:10.412 2019] 0.000 sec 0.000 sec [ext/0/rel 20 (0,20)] [results1] как
[Wed Apr 17 00:23:13.339 2019] 0.001 sec 0.001 sec [ext/0/rel 20 (0,20)] [results1] как
[Wed Apr 17 09:57:01.588 2019] 0.149 sec 0.149 sec [ext/0/rel 20 (0,20)] [results1] как
[Wed Apr 17 10:00:04.117 2019] 0.001 sec 0.001 sec [ext/0/rel 20 (0,20)] [results1] как
[Wed Apr 17 10:00:07.337 2019] 0.000 sec 0.000 sec [ext/0/rel 20 (0,20)] [results1] как
[Wed Apr 17 18:22:03.111 2019] 0.078 sec 0.078 sec [ext/0/rel 20 (0,20)] [results1] как
[Wed Apr 17 18:22:07.353 2019] 0.001 sec 0.001 sec [ext/0/rel 20 (0,20)] [results1] как
[Thu Apr 18 12:18:21.796 2019] 0.213 sec 0.213 sec [ext/0/rel 20 (0,20)] [results1] как
[Thu Apr 18 12:18:29.238 2019] 0.001 sec 0.001 sec [ext/0/rel 20 (0,20)] [results1] как
[Thu Apr 18 12:18:55.413 2019] 0.001 sec 0.001 sec [ext/0/rel 20 (0,20)] [results1] как
[Thu Apr 18 12:18:57.864 2019] 0.000 sec 0.000 sec [ext/0/rel 20 (0,20)] [results1] как
[Thu Apr 18 12:19:12.342 2019] 0.002 sec 0.002 sec [ext/0/rel 20 (0,20)] [results1] как
[Thu Apr 18 12:19:39.643 2019] 0.001 sec 0.001 sec [ext/0/rel 20 (0,20)] [results1] как
[Thu Apr 18 12:19:42.338 2019] 0.001 sec 0.001 sec [ext/0/rel 20 (0,20)] [results1] как
[Thu Apr 18 12:20:39.645 2019] 0.000 sec 0.000 sec [ext/0/rel 20 (0,20)] [results1] как
[Thu Apr 18 12:20:42.338 2019] 0.000 sec 0.000 sec [ext/0/rel 20 (0,20)] [results1] как
[Thu Apr 18 12:21:01.415 2019] 0.001 sec 0.001 sec [ext/0/rel 20 (0,20)] [results1] как
[Thu Apr 18 12:21:04.358 2019] 0.000 sec 0.000 sec [ext/0/rel 20 (0,20)] [results1] как
[Thu Apr 18 12:21:29.629 2019] 0.000 sec 0.000 sec [ext/0/rel 20 (0,20)] [results1] как
[Thu Apr 18 12:21:32.343 2019] 0.001 sec 0.001 sec [ext/0/rel 20 (0,20)] [results1] как
[Thu Apr 18 12:21:37.341 2019] 0.000 sec 0.000 sec [ext/0/rel 20 (0,20)] [results1] как
[Thu Apr 18 12:22:59.645 2019] 0.001 sec 0.001 sec [ext/0/rel 20 (0,20)] [results1] как
[Thu Apr 18 12:23:02.479 2019] 0.000 sec 0.000 sec [ext/0/rel 20 (0,20)] [results1] как
[Thu Apr 18 12:23:23.545 2019] 0.000 sec 0.000 sec [ext/0/rel 20 (0,20)] [results1] как
[Thu Apr 18 12:23:25.337 2019] 0.000 sec 0.000 sec [ext/0/rel 20 (0,20)] [results1] как
[Thu Apr 18 12:23:36.859 2019] 0.000 sec 0.000 sec [ext/0/rel 20 (0,20)] [results1] как
[Thu Apr 18 12:23:52.021 2019] 0.000 sec 0.000 sec [ext/0/rel 20 (0,20)] [results1] как
[Thu Apr 18 12:23:55.339 2019] 0.000 sec 0.000 sec [ext/0/rel 20 (0,20)] [results1] как
[Thu Apr 18 12:24:24.307 2019] 0.000 sec 0.000 sec [ext/0/rel 20 (0,20)] [results1] как
[Thu Apr 18 12:24:27.332 2019] 0.000 sec 0.000 sec [ext/0/rel 20 (0,20)] [results1] как
[Thu Apr 18 12:33:44.898 2019] 0.001 sec 0.001 sec [ext/0/rel 20 (0,20)] [results1] как
[Thu Apr 18 12:33:48.338 2019] 0.000 sec 0.000 sec [ext/0/rel 20 (0,20)] [results1] как
[Thu Apr 18 12:34:34.840 2019] 0.001 sec 0.001 sec [ext/0/rel 20 (0,20)] [results1] как
[Thu Apr 18 12:34:37.522 2019] 0.001 sec 0.001 sec [ext/0/rel 20 (0,20)] [results1] как
[Thu Apr 18 12:35:55.006 2019] 0.000 sec 0.000 sec [ext/0/rel 20 (0,20)] [results1] как
[Thu Apr 18 12:35:57.363 2019] 0.001 sec 0.001 sec [ext/0/rel 20 (0,20)] [results1] как
[Thu Apr 18 12:37:30.810 2019] 0.001 sec 0.001 sec [ext/0/rel 20 (0,20)] [results1] как
[Thu Apr 18 12:37:33.406 2019] 0.001 sec 0.001 sec [ext/0/rel 20 (0,20)] [results1] как
[Thu Apr 18 19:10:05.323 2019] 1.617 sec 1.617 sec [ext/0/rel 20 (0,20)] [results1] как
[Thu Apr 18 19:10:28.812 2019] 0.221 sec 0.221 sec [ext/0/rel 20 (0,20)] [results1] как
[Thu Apr 18 19:10:39.939 2019] 0.000 sec 0.000 sec [ext/0/rel 20 (0,20)] [results1] как
[Thu Apr 18 19:11:19.744 2019] 0.001 sec 0.001 sec [ext/0/rel 20 (0,20)] [results1] как
[Thu Apr 18 19:11:22.412 2019] 0.002 sec 0.002 sec [ext/0/rel 20 (0,20)] [results1] как
[Thu Apr 18 19:12:20.686 2019] 0.000 sec 0.000 sec [ext/0/rel 20 (0,20)] [results1] КАК
[Thu Apr 18 19:12:23.337 2019] 0.001 sec 0.001 sec [ext/0/rel 20 (0,20)] [results1] КАК
[Thu Apr 18 19:12:29.338 2019] 0.001 sec 0.001 sec [ext/0/rel 20 (0,20)] [results1] КАК
[Thu Apr 18 19:13:01.624 2019] 0.001 sec 0.001 sec [ext/0/rel 20 (0,20)] [results1] КАК
[Thu Apr 18 19:13:30.426 2019] 0.001 sec 0.001 sec [ext/0/rel 20 (0,20)] [results1] КАК
[Thu Apr 18 19:13:33.334 2019] 0.001 sec 0.001 sec [ext/0/rel 20 (0,20)] [results1] КАК
[Thu Apr 18 19:14:17.778 2019] 0.001 sec 0.001 sec [ext/0/rel 20 (0,20)] [results1] КАК
[Thu Apr 18 19:15:42.630 2019] 0.000 sec 0.000 sec [ext/0/rel 20 (0,20)] [results1] КАК
[Thu Apr 18 19:15:45.731 2019] 0.082 sec 0.082 sec [scan/0/rel 40 (0,20)] [results1]
[Thu Apr 18 19:17:11.196 2019] 0.001 sec 0.001 sec [ext/0/rel 20 (0,20)] [results1] как
[Thu Apr 18 19:17:14.589 2019] 0.001 sec 0.001 sec [ext/0/rel 20 (0,20)] [results1] как
[Thu Apr 18 19:17:38.900 2019] 0.001 sec 0.001 sec [ext/0/rel 20 (0,20)] [results1] как
[Thu Apr 18 19:17:46.427 2019] 0.001 sec 0.001 sec [ext/0/rel 20 (0,20)] [results1] как
[Thu Apr 18 19:18:07.480 2019] 0.001 sec 0.001 sec [ext/0/rel 20 (0,20)] [results1] как
[Thu Apr 18 19:18:10.347 2019] 0.001 sec 0.001 sec [ext/0/rel 20 (0,20)] [results1] как
[Thu Apr 18 19:19:48.253 2019] 0.000 sec 0.000 sec [ext/0/rel 20 (0,20)] [results1] как
[Thu Apr 18 19:19:50.476 2019] 0.000 sec 0.000 sec [ext/0/rel 20 (0,20)] [results1] как
[Thu Apr 18 19:20:33.088 2019] 0.000 sec 0.000 sec [ext/0/rel 20 (0,20)] [results1] как
[Thu Apr 18 19:20:35.484 2019] 0.001 sec 0.001 sec [ext/0/rel 20 (0,20)] [results1] как
[Thu Apr 18 19:20:50.112 2019] 0.000 sec 0.000 sec [ext/0/rel 20 (0,20)] [results1] как
[Thu Apr 18 19:20:52.367 2019] 0.001 sec 0.001 sec [ext/0/rel 20 (0,20)] [results1] как
[Thu Apr 18 19:32:25.525 2019] 0.001 sec 0.001 sec [ext/0/rel 20 (0,20)] [results1] как
[Thu Apr 18 19:32:28.395 2019] 0.000 sec 0.000 sec [ext/0/rel 20 (0,20)] [results1] как
[Thu Apr 18 19:33:55.728 2019] 0.001 sec 0.001 sec [ext/0/rel 20 (0,20)] [results1] как
[Thu Apr 18 19:33:58.338 2019] 0.000 sec 0.000 sec [ext/0/rel 20 (0,20)] [results1] как
[Thu Apr 18 19:34:41.692 2019] 0.001 sec 0.001 sec [ext/0/rel 20 (0,20)] [results1] как
[Thu Apr 18 19:34:44.591 2019] 0.002 sec 0.002 sec [ext/0/rel 20 (0,20)] [results1] как
[Thu Apr 18 19:39:09.364 2019] 0.000 sec 0.000 sec [ext/0/rel 20 (0,20)] [results1] как
[Thu Apr 18 19:39:16.570 2019] 0.000 sec 0.000 sec [ext/0/rel 20 (0,20)] [results1] как
[Thu Apr 18 19:40:51.376 2019] 0.001 sec 0.001 sec [ext/0/rel 20 (0,20)] [results1] как
[Thu Apr 18 19:40:54.337 2019] 0.001 sec 0.001 sec [ext/0/rel 20 (0,20)] [results1] как
[Thu Apr 18 19:45:23.355 2019] 0.001 sec 0.001 sec [ext/0/rel 20 (0,20)] [results1] как
[Thu Apr 18 19:46:16.334 2019] 0.002 sec 0.002 sec [ext/0/rel 20 (0,20)] [results1] как
[Thu Apr 18 19:46:19.444 2019] 0.001 sec 0.001 sec [ext/0/rel 20 (0,20)] [results1] как
[Thu Apr 18 21:23:31.073 2019] 0.000 sec 0.000 sec [ext/0/rel 20 (0,20)] [results1] как
[Thu Apr 18 21:23:33.696 2019] 0.001 sec 0.001 sec [ext/0/rel 20 (0,20)] [results1] как
[Thu Apr 18 22:00:13.119 2019] 0.000 sec 0.000 sec [ext/0/rel 20 (0,20)] [results1] как
[Thu Apr 18 22:00:16.509 2019] 0.000 sec 0.000 sec [ext/0/rel 20 (0,20)] [results1] как
[Thu Apr 18 22:29:00.147 2019] 0.000 sec 0.000 sec [ext/0/rel 20 (0,20)] [results1] как
[Thu Apr 18 22:29:03.342 2019] 0.001 sec 0.001 sec [ext/0/rel 20 (0,20)] [results1] как
[Thu Apr 18 22:41:19.428 2019] 0.002 sec 0.002 sec [ext/0/rel 20 (0,20)] [results1] как
[Thu Apr 18 23:04:44.794 2019] 0.003 sec 0.003 sec [ext/0/rel 20 (0,20)] [results1] как
[Thu Apr 18 23:04:47.387 2019] 0.000 sec 0.000 sec [ext/0/rel 20 (0,20)] [results1] как
[Thu Apr 18 23:05:10.699 2019] 0.000 sec 0.000 sec [ext/0/rel 20 (0,20)] [results1] как
[Thu Apr 18 23:05:13.046 2019] 0.001 sec 0.001 sec [ext/0/rel 20 (0,20)] [results1] как
[Fri Apr 19 10:15:46.101 2019] 0.006 sec 0.006 sec [ext/0/rel 20 (0,20)] [results1] как
[Fri Apr 19 10:15:51.370 2019] 0.001 sec 0.001 sec [ext/0/rel 20 (0,20)] [results1] как
[Fri Apr 19 10:24:57.801 2019] 0.001 sec 0.001 sec [ext/0/rel 20 (0,20)] [results1] как
[Fri Apr 19 10:25:00.657 2019] 0.001 sec 0.001 sec [ext/0/rel 20 (0,20)] [results1] как
[Fri Apr 19 10:27:12.674 2019] 0.000 sec 0.000 sec [ext/0/rel 20 (0,20)] [results1] КАК
[Fri Apr 19 10:27:16.598 2019] 0.000 sec 0.000 sec [ext/0/rel 20 (0,20)] [results1] КАК
[Fri Apr 19 10:27:57.385 2019] 0.000 sec 0.000 sec [ext/0/rel 20 (0,20)] [results1] КАК
[Fri Apr 19 10:28:08.043 2019] 0.076 sec 0.076 sec [ext/0/rel 16 (0,20)] [results1] СИЛА
[Fri Apr 19 10:28:10.466 2019] 0.000 sec 0.000 sec [ext/0/rel 16 (0,20)] [results1] СИЛА
[Fri Apr 19 10:32:46.632 2019] 0.001 sec 0.001 sec [ext/0/rel 20 (0,20)] [results1] как
[Fri Apr 19 10:32:49.365 2019] 0.001 sec 0.001 sec [ext/0/rel 20 (0,20)] [results1] как
[Fri Apr 19 14:43:56.320 2019] 1.861 sec 1.861 sec [ext/0/rel 20 (0,20)] [results1] как
[Fri Apr 19 14:44:55.748 2019] 0.128 sec 0.128 sec [ext/0/rel 20 (0,20)] [results1] как
[Fri Apr 19 14:45:12.038 2019] 0.319 sec 0.319 sec [ext/0/rel 20 (0,20)] [results1] как
[Fri Apr 19 14:53:20.589 2019] 0.001 sec 0.001 sec [ext/0/rel 20 (0,20)] [results1] как
[Fri Apr 19 14:53:23.347 2019] 0.001 sec 0.001 sec [ext/0/rel 20 (0,20)] [results1] как
[Fri Apr 19 14:54:11.080 2019] 0.001 sec 0.001 sec [ext/0/rel 20 (0,20)] [results1] как
[Fri Apr 19 14:54:13.448 2019] 0.000 sec 0.000 sec [ext/0/rel 20 (0,20)] [results1] как
[Fri Apr 19 15:19:19.809 2019] 0.001 sec 0.001 sec [ext/0/rel 20 (0,20)] [results1] как
[Fri Apr 19 15:19:22.338 2019] 0.000 sec 0.000 sec [ext/0/rel 20 (0,20)] [results1] как
[Fri Apr 19 15:23:51.349 2019] 0.006 sec 0.006 sec [ext/0/rel 20 (0,20)] [results1] как
[Fri Apr 19 15:23:54.437 2019] 0.000 sec 0.000 sec [ext/0/rel 20 (0,20)] [results1] как
[Fri Apr 19 15:42:17.309 2019] 0.000 sec 0.000 sec [ext/0/rel 20 (0,20)] [results1] как
[Fri Apr 19 15:42:37.619 2019] 0.046 sec 0.046 sec [ext/0/rel 1 (0,20)] [results1] атф
[Fri Apr 19 15:43:21.300 2019] 0.046 sec 0.046 sec [ext/0/rel 16 (0,20)] [results1] сила
[Fri Apr 19 15:43:25.354 2019] 0.000 sec 0.000 sec [ext/0/rel 16 (0,20)] [results1] сила
[Fri Apr 19 16:38:09.438 2019] 0.001 sec 0.001 sec [ext/0/rel 20 (0,20)] [results1] как
[Fri Apr 19 16:38:13.480 2019] 0.000 sec 0.000 sec [ext/0/rel 20 (0,20)] [results1] как
[Fri Apr 19 16:53:27.352 2019] 0.001 sec 0.001 sec [ext/0/rel 20 (0,20)] [results1] как
[Fri Apr 19 16:53:30.441 2019] 0.007 sec 0.007 sec [ext/0/rel 20 (0,20)] [results1] как
[Fri Apr 19 17:04:19.695 2019] 0.000 sec 0.000 sec [ext/0/rel 20 (0,20)] [results1] как
[Fri Apr 19 17:04:23.420 2019] 0.000 sec 0.000 sec [ext/0/rel 20 (0,20)] [results1] как
[Fri Apr 19 17:06:47.261 2019] 0.000 sec 0.000 sec [ext/0/rel 20 (0,20)] [results1] как
[Fri Apr 19 17:06:50.338 2019] 0.001 sec 0.001 sec [ext/0/rel 20 (0,20)] [results1] как
[Fri Apr 19 17:07:40.410 2019] 0.000 sec 0.000 sec [ext/0/rel 16 (0,20)] [results1] сила
[Fri Apr 19 17:07:43.430 2019] 0.000 sec 0.000 sec [ext/0/rel 16 (0,20)] [results1] сила
[Fri Apr 19 17:09:48.723 2019] 0.000 sec 0.000 sec [ext/0/rel 20 (0,20)] [results1] как
[Fri Apr 19 17:09:51.567 2019] 0.001 sec 0.001 sec [ext/0/rel 20 (0,20)] [results1] как
[Fri Apr 19 17:12:28.289 2019] 0.000 sec 0.000 sec [ext/0/rel 20 (0,20)] [results1] как
[Fri Apr 19 17:12:30.536 2019] 0.000 sec 0.000 sec [ext/0/rel 20 (0,20)] [results1] как
[Fri Apr 19 17:13:09.423 2019] 0.000 sec 0.000 sec [ext/0/rel 1 (0,20)] [results1] атф
[Fri Apr 19 17:13:12.341 2019] 0.000 sec 0.000 sec [ext/0/rel 1 (0,20)] [results1] атф
[Fri Apr 19 17:14:10.101 2019] 0.000 sec 0.000 sec [ext/0/rel 20 (0,20)] [results1] как
[Fri Apr 19 17:14:13.406 2019] 0.001 sec 0.001 sec [ext/0/rel 20 (0,20)] [results1] как
[Fri Apr 19 17:19:33.128 2019] 0.001 sec 0.001 sec [ext/0/rel 20 (0,20)] [results1] как
[Fri Apr 19 17:19:36.350 2019] 0.002 sec 0.002 sec [ext/0/rel 20 (0,20)] [results1] как
[Fri Apr 19 17:20:12.927 2019] 0.013 sec 0.013 sec [ext/0/rel 8 (0,20)] [results1] кач
[Fri Apr 19 17:20:20.354 2019] 0.000 sec 0.000 sec [ext/0/rel 8 (0,20)] [results1] кач
[Fri Apr 19 17:36:49.372 2019] 0.017 sec 0.017 sec [ext/0/rel 21 (0,20)] [results1] фит
[Fri Apr 19 17:36:59.378 2019] 0.000 sec 0.000 sec [ext/0/rel 21 (0,20)] [results1] фит
[Fri Apr 19 17:38:05.382 2019] 0.000 sec 0.000 sec [ext/0/rel 21 (0,20)] [results1] фит
[Fri Apr 19 17:38:09.436 2019] 0.060 sec 0.060 sec [ext/0/rel 21 (0,20)] [results1] фит
[Fri Apr 19 17:39:42.288 2019] 0.016 sec 0.016 sec [ext/0/rel 9 (0,20)] [results1] цел
[Fri Apr 19 17:39:46.370 2019] 0.000 sec 0.000 sec [ext/0/rel 9 (0,20)] [results1] цел
[Fri Apr 19 18:29:09.090 2019] 0.001 sec 0.001 sec [ext/0/rel 20 (0,20)] [results1] как
[Fri Apr 19 18:29:12.376 2019] 0.001 sec 0.001 sec [ext/0/rel 20 (0,20)] [results1] как
[Fri Apr 19 18:33:25.732 2019] 0.001 sec 0.001 sec [ext/0/rel 20 (0,20)] [results1] как
[Fri Apr 19 18:33:28.369 2019] 0.001 sec 0.001 sec [ext/0/rel 20 (0,20)] [results1] как
[Fri Apr 19 18:34:15.641 2019] 0.001 sec 0.001 sec [ext/0/rel 20 (0,20)] [results1] как
[Fri Apr 19 18:34:18.401 2019] 0.000 sec 0.000 sec [ext/0/rel 20 (0,20)] [results1] как
[Fri Apr 19 18:37:25.523 2019] 0.000 sec 0.000 sec [ext/0/rel 20 (0,20)] [results1] как
[Fri Apr 19 18:37:29.348 2019] 0.001 sec 0.001 sec [ext/0/rel 20 (0,20)] [results1] как
[Fri Apr 19 19:06:32.893 2019] 0.001 sec 0.001 sec [ext/0/rel 20 (0,20)] [results1] как
[Fri Apr 19 19:06:38.119 2019] 0.000 sec 0.000 sec [ext/0/rel 20 (0,20)] [results1] как
[Fri Apr 19 19:06:45.980 2019] 0.000 sec 0.000 sec [ext/0/rel 20 (0,20)] [results1] как
[Fri Apr 19 19:06:47.963 2019] 0.000 sec 0.000 sec [ext/0/rel 20 (0,20)] [results1] как
[Fri Apr 19 19:06:48.916 2019] 0.001 sec 0.001 sec [ext/0/rel 20 (0,20)] [results1] как
[Fri Apr 19 19:06:49.563 2019] 0.001 sec 0.001 sec [ext/0/rel 20 (0,20)] [results1] как
[Fri Apr 19 19:06:50.390 2019] 0.000 sec 0.000 sec [ext/0/rel 20 (0,20)] [results1] как
[Fri Apr 19 19:10:36.056 2019] 0.001 sec 0.001 sec [ext/0/rel 20 (0,20)] [results1] как
[Fri Apr 19 19:10:39.331 2019] 0.001 sec 0.001 sec [ext/0/rel 20 (0,20)] [results1] как
[Fri Apr 19 19:18:08.843 2019] 0.001 sec 0.001 sec [ext/0/rel 20 (0,20)] [results1] как 
[Fri Apr 19 19:18:13.791 2019] 0.135 sec 0.135 sec [ext/0/rel 1 (0,20)] [results1] как настроится 
[Fri Apr 19 19:18:16.904 2019] 0.076 sec 0.076 sec [ext/0/rel 1 (0,20)] [results1] как настроится на 
[Fri Apr 19 19:18:17.770 2019] 0.001 sec 0.001 sec [ext/0/rel 0 (0,20)] [results1] как настроится на тр
[Fri Apr 19 19:18:20.123 2019] 0.001 sec 0.001 sec [ext/0/rel 1 (0,20)] [results1] как настроится на тренировку
[Fri Apr 19 19:18:24.601 2019] 0.070 sec 0.070 sec [ext/0/rel 1 (0,20)] [results1] как настроится на тренировку&
[Fri Apr 19 19:18:32.348 2019] 0.001 sec 0.001 sec [ext/0/rel 1 (0,20)] [results1] как настроится на тренировку&
[Fri Apr 19 19:23:21.819 2019] 0.001 sec 0.001 sec [ext/0/rel 20 (0,20)] [results1] как
[Fri Apr 19 19:23:29.198 2019] 0.000 sec 0.000 sec [ext/0/rel 20 (0,20)] [results1] как
[Fri Apr 19 19:23:33.407 2019] 0.002 sec 0.002 sec [ext/0/rel 20 (0,20)] [results1] как
[Fri Apr 19 19:23:47.797 2019] 0.001 sec 0.001 sec [ext/0/rel 20 (0,20)] [results1] сил
[Fri Apr 19 19:23:50.336 2019] 0.001 sec 0.001 sec [ext/0/rel 20 (0,20)] [results1] сил
[Fri Apr 19 19:28:37.672 2019] 0.001 sec 0.001 sec [ext/0/rel 20 (0,20)] [results1] как
[Fri Apr 19 19:28:40.352 2019] 0.000 sec 0.000 sec [ext/0/rel 20 (0,20)] [results1] как
[Fri Apr 19 19:28:55.422 2019] 0.061 sec 0.061 sec [ext/0/rel 0 (0,20)] [results1] ыыы
[Fri Apr 19 19:29:00.371 2019] 0.000 sec 0.000 sec [ext/0/rel 20 (0,20)] [results1] как
[Fri Apr 19 19:29:03.344 2019] 0.001 sec 0.001 sec [ext/0/rel 20 (0,20)] [results1] как
[Fri Apr 19 19:29:13.485 2019] 0.074 sec 0.074 sec [ext/0/rel 20 (0,20)] [results1] каку
[Fri Apr 19 19:29:17.347 2019] 0.000 sec 0.000 sec [ext/0/rel 20 (0,20)] [results1] каку
[Fri Apr 19 19:29:24.135 2019] 0.000 sec 0.000 sec [ext/0/rel 16 (0,20)] [results1] сила
[Fri Apr 19 19:29:27.345 2019] 0.001 sec 0.001 sec [ext/0/rel 16 (0,20)] [results1] сила
[Fri Apr 19 19:29:45.401 2019] 0.000 sec 0.000 sec [ext/0/rel 21 (0,20)] [results1] фитн
[Fri Apr 19 19:29:46.006 2019] 0.001 sec 0.001 sec [ext/0/rel 21 (0,20)] [results1] фитн
[Fri Apr 19 19:29:49.339 2019] 0.004 sec 0.004 sec [ext/0/rel 21 (0,20)] [results1] фитн
[Fri Apr 19 19:30:07.339 2019] 0.000 sec 0.000 sec [ext/0/rel 20 (0,20)] [results1] как
[Fri Apr 19 19:30:10.607 2019] 0.002 sec 0.002 sec [ext/0/rel 20 (0,20)] [results1] как
[Fri Apr 19 19:32:40.994 2019] 0.001 sec 0.001 sec [ext/0/rel 20 (0,20)] [results1] как
[Fri Apr 19 19:32:44.343 2019] 0.000 sec 0.000 sec [ext/0/rel 20 (0,20)] [results1] как
[Fri Apr 19 19:34:31.275 2019] 0.001 sec 0.001 sec [ext/0/rel 20 (0,20)] [results1] как
[Fri Apr 19 19:34:34.695 2019] 0.001 sec 0.001 sec [ext/0/rel 20 (0,20)] [results1] как
[Fri Apr 19 19:35:48.067 2019] 0.000 sec 0.000 sec [ext/0/rel 20 (0,20)] [results1] как
[Fri Apr 19 19:35:51.423 2019] 0.002 sec 0.002 sec [ext/0/rel 20 (0,20)] [results1] как
[Fri Apr 19 19:39:12.320 2019] 0.001 sec 0.001 sec [ext/0/rel 20 (0,20)] [results1] как
[Fri Apr 19 19:39:14.343 2019] 0.001 sec 0.001 sec [ext/0/rel 20 (0,20)] [results1] как
[Fri Apr 19 20:55:08.038 2019] 0.000 sec 0.000 sec [ext/0/rel 20 (0,20)] [results1] как
[Fri Apr 19 20:55:10.355 2019] 0.001 sec 0.001 sec [ext/0/rel 20 (0,20)] [results1] как
[Fri Apr 19 20:59:01.846 2019] 0.001 sec 0.001 sec [ext/0/rel 20 (0,20)] [results1] как
[Fri Apr 19 20:59:05.345 2019] 0.000 sec 0.000 sec [ext/0/rel 20 (0,20)] [results1] как
[Fri Apr 19 21:01:29.705 2019] 0.000 sec 0.000 sec [ext/0/rel 20 (0,20)] [results1] как
[Fri Apr 19 21:01:32.347 2019] 0.000 sec 0.000 sec [ext/0/rel 20 (0,20)] [results1] как
[Fri Apr 19 21:02:10.014 2019] 0.000 sec 0.000 sec [ext/0/rel 20 (0,20)] [results1] как
[Fri Apr 19 21:02:12.352 2019] 0.001 sec 0.001 sec [ext/0/rel 20 (0,20)] [results1] как
[Fri Apr 19 21:08:56.253 2019] 0.000 sec 0.000 sec [ext/0/rel 20 (0,20)] [results1] как
[Fri Apr 19 21:08:59.349 2019] 0.001 sec 0.001 sec [ext/0/rel 20 (0,20)] [results1] как
[Fri Apr 19 21:10:13.379 2019] 0.000 sec 0.000 sec [ext/0/rel 20 (0,20)] [results1] как
[Fri Apr 19 21:10:15.330 2019] 0.000 sec 0.000 sec [ext/0/rel 20 (0,20)] [results1] как
[Fri Apr 19 21:12:57.201 2019] 0.001 sec 0.001 sec [ext/0/rel 20 (0,20)] [results1] как
[Fri Apr 19 21:12:59.341 2019] 0.001 sec 0.001 sec [ext/0/rel 20 (0,20)] [results1] как
[Fri Apr 19 21:21:29.770 2019] 0.000 sec 0.000 sec [ext/0/rel 20 (0,20)] [results1] как
[Fri Apr 19 21:21:32.336 2019] 0.001 sec 0.001 sec [ext/0/rel 20 (0,20)] [results1] как
[Fri Apr 19 21:31:44.968 2019] 0.000 sec 0.000 sec [ext/0/rel 20 (0,20)] [results1] как
[Fri Apr 19 21:31:47.408 2019] 0.000 sec 0.000 sec [ext/0/rel 20 (0,20)] [results1] как
[Fri Apr 19 21:34:04.087 2019] 0.000 sec 0.000 sec [ext/0/rel 20 (0,20)] [results1] как
[Fri Apr 19 21:34:06.340 2019] 0.001 sec 0.001 sec [ext/0/rel 20 (0,20)] [results1] как
[Fri Apr 19 21:35:39.562 2019] 0.001 sec 0.001 sec [ext/0/rel 20 (0,20)] [results1] как
[Fri Apr 19 21:35:42.342 2019] 0.001 sec 0.001 sec [ext/0/rel 20 (0,20)] [results1] как
[Fri Apr 19 21:41:20.805 2019] 0.001 sec 0.001 sec [ext/0/rel 20 (0,20)] [results1] как
[Fri Apr 19 21:41:23.502 2019] 0.000 sec 0.000 sec [ext/0/rel 20 (0,20)] [results1] как
[Fri Apr 19 21:45:14.998 2019] 0.001 sec 0.001 sec [ext/0/rel 20 (0,20)] [results1] как
[Fri Apr 19 21:45:17.354 2019] 0.001 sec 0.001 sec [ext/0/rel 20 (0,20)] [results1] как
[Fri Apr 19 21:48:09.977 2019] 0.000 sec 0.000 sec [ext/0/rel 20 (0,20)] [results1] как
[Fri Apr 19 21:48:13.346 2019] 0.001 sec 0.001 sec [ext/0/rel 20 (0,20)] [results1] как
[Fri Apr 19 21:48:38.334 2019] 0.002 sec 0.002 sec [ext/0/rel 20 (0,20)] [results1] как
[Fri Apr 19 22:13:01.720 2019] 0.001 sec 0.001 sec [ext/0/rel 20 (0,20)] [results1] как
[Fri Apr 19 22:13:03.404 2019] 0.000 sec 0.000 sec [ext/0/rel 20 (0,20)] [results1] как
[Fri Apr 19 22:26:14.489 2019] 0.001 sec 0.001 sec [ext/0/rel 20 (0,20)] [results1] как
[Fri Apr 19 22:26:17.034 2019] 0.001 sec 0.001 sec [ext/0/rel 20 (0,20)] [results1] как
[Fri Apr 19 22:27:01.749 2019] 0.001 sec 0.001 sec [ext/0/rel 20 (0,20)] [results1] как
[Fri Apr 19 22:27:04.010 2019] 0.000 sec 0.000 sec [ext/0/rel 20 (0,20)] [results1] как
[Fri Apr 19 22:27:52.744 2019] 0.001 sec 0.001 sec [ext/0/rel 20 (0,20)] [results1] как
[Fri Apr 19 22:27:55.257 2019] 0.000 sec 0.000 sec [ext/0/rel 20 (0,20)] [results1] как
[Fri Apr 19 22:28:45.505 2019] 0.001 sec 0.001 sec [ext/0/rel 20 (0,20)] [results1] как
[Fri Apr 19 22:28:47.357 2019] 0.001 sec 0.001 sec [ext/0/rel 20 (0,20)] [results1] как
[Fri Apr 19 22:40:22.048 2019] 0.001 sec 0.001 sec [ext/0/rel 20 (0,20)] [results1] как
[Fri Apr 19 22:40:25.438 2019] 0.000 sec 0.000 sec [ext/0/rel 20 (0,20)] [results1] как
[Fri Apr 19 23:33:18.119 2019] 0.001 sec 0.001 sec [ext/0/rel 20 (0,20)] [results1] как
[Fri Apr 19 23:33:21.344 2019] 0.000 sec 0.000 sec [ext/0/rel 20 (0,20)] [results1] как
[Sat Apr 20 07:37:33.210 2019] 0.000 sec 0.000 sec [ext/0/rel 20 (0,20)] [results1] как
[Sat Apr 20 07:37:37.343 2019] 0.001 sec 0.001 sec [ext/0/rel 20 (0,20)] [results1] как
[Sat Apr 20 07:38:52.189 2019] 0.001 sec 0.001 sec [ext/0/rel 20 (0,20)] [results1] как
[Sat Apr 20 07:38:55.333 2019] 0.001 sec 0.001 sec [ext/0/rel 20 (0,20)] [results1] как
[Sat Apr 20 07:42:56.462 2019] 0.001 sec 0.001 sec [ext/0/rel 20 (0,20)] [results1] как
[Sat Apr 20 07:42:59.465 2019] 0.000 sec 0.000 sec [ext/0/rel 20 (0,20)] [results1] как
[Sat Apr 20 07:44:25.446 2019] 0.001 sec 0.001 sec [ext/0/rel 20 (0,20)] [results1] как
[Sat Apr 20 07:44:28.515 2019] 0.000 sec 0.000 sec [ext/0/rel 20 (0,20)] [results1] как
[Sat Apr 20 07:45:40.743 2019] 0.001 sec 0.001 sec [ext/0/rel 20 (0,20)] [results1] как
[Sat Apr 20 07:45:43.330 2019] 0.001 sec 0.001 sec [ext/0/rel 20 (0,20)] [results1] как
[Sat Apr 20 07:46:24.431 2019] 0.000 sec 0.000 sec [ext/0/rel 20 (0,20)] [results1] как
[Sat Apr 20 07:53:33.003 2019] 0.001 sec 0.001 sec [ext/0/rel 20 (0,20)] [results1] как
[Sat Apr 20 07:53:35.874 2019] 0.000 sec 0.000 sec [ext/0/rel 20 (0,20)] [results1] как
[Sat Apr 20 07:54:03.656 2019] 0.130 sec 0.130 sec [ext/0/rel 16 (0,20)] [results1] сила
[Sat Apr 20 07:54:06.171 2019] 0.001 sec 0.001 sec [ext/0/rel 16 (0,20)] [results1] сила
[Sat Apr 20 07:54:52.014 2019] 0.092 sec 0.092 sec [ext/0/rel 20 (0,20)] [results1] сил
[Sat Apr 20 07:54:57.627 2019] 0.001 sec 0.001 sec [ext/0/rel 20 (0,20)] [results1] сил
[Sat Apr 20 07:55:43.606 2019] 0.001 sec 0.001 sec [ext/0/rel 20 (0,20)] [results1] как
[Sat Apr 20 07:55:49.005 2019] 0.000 sec 0.000 sec [ext/0/rel 20 (0,20)] [results1] как
[Sat Apr 20 07:57:39.260 2019] 0.000 sec 0.000 sec [ext/0/rel 20 (0,20)] [results1] как
[Sat Apr 20 07:57:42.394 2019] 0.001 sec 0.001 sec [ext/0/rel 20 (0,20)] [results1] как
[Sat Apr 20 07:58:08.942 2019] 0.000 sec 0.000 sec [ext/0/rel 20 (0,20)] [results1] как
[Sat Apr 20 07:58:11.332 2019] 0.000 sec 0.000 sec [ext/0/rel 20 (0,20)] [results1] как
[Sat Apr 20 08:45:57.042 2019] 0.001 sec 0.001 sec [ext/0/rel 20 (0,20)] [results1] как
[Sat Apr 20 08:45:59.338 2019] 0.001 sec 0.001 sec [ext/0/rel 20 (0,20)] [results1] как
[Sat Apr 20 15:16:28.596 2019] 0.001 sec 0.001 sec [ext/0/rel 20 (0,20)] [results1] как
[Sat Apr 20 16:31:29.437 2019] 0.032 sec 0.032 sec [ext/0/rel 20 (0,20)] [results1] как
[Sat Apr 20 16:31:35.522 2019] 0.025 sec 0.025 sec [ext/0/rel 20 (0,20)] [results1] как 
[Sat Apr 20 16:31:36.963 2019] 0.083 sec 0.083 sec [ext/0/rel 0 (0,20)] [results1] как тр
[Sat Apr 20 16:31:38.093 2019] 0.491 sec 0.491 sec [ext/0/rel 19 (0,20)] [results1] как тре
[Sat Apr 20 16:31:41.989 2019] 0.034 sec 0.034 sec [ext/0/rel 18 (0,20)] [results1] как трен
[Sat Apr 20 16:36:57.400 2019] 0.014 sec 0.014 sec [ext/0/rel 0 (0,20)] [results1] гггг
[Sat Apr 20 18:51:32.665 2019] 0.003 sec 0.003 sec [ext/0/rel 20 (0,20)] [results1] как
[Sat Apr 20 18:51:39.353 2019] 0.000 sec 0.000 sec [ext/0/rel 20 (0,20)] [results1] как
[Sat Apr 20 20:18:45.440 2019] 1.448 sec 1.448 sec [ext/0/rel 20 (0,20)] [results1] как
[Sat Apr 20 20:18:58.351 2019] 0.001 sec 0.001 sec [ext/0/rel 20 (0,20)] [results1] как
[Sat Apr 20 20:19:41.162 2019] 0.186 sec 0.186 sec [ext/0/rel 20 (0,20)] [results1] как
[Sat Apr 20 20:20:16.297 2019] 0.012 sec 0.012 sec [ext/0/rel 20 (0,20)] [results1] как
[Sat Apr 20 20:20:19.346 2019] 0.001 sec 0.001 sec [ext/0/rel 20 (0,20)] [results1] как
[Sat Apr 20 20:22:09.658 2019] 0.001 sec 0.001 sec [ext/0/rel 20 (0,20)] [results1] как
[Sat Apr 20 20:22:12.329 2019] 0.000 sec 0.000 sec [ext/0/rel 20 (0,20)] [results1] как
[Sat Apr 20 21:27:03.628 2019] 0.000 sec 0.000 sec [ext/0/rel 20 (0,20)] [results1] как
[Sat Apr 20 21:37:36.951 2019] 0.000 sec 0.000 sec [ext/0/rel 0 (0,20)] [results1] каа
[Sat Apr 20 21:37:40.070 2019] 0.001 sec 0.001 sec [ext/0/rel 20 (0,20)] [results1] как
[Sat Apr 20 21:37:43.344 2019] 0.000 sec 0.000 sec [ext/0/rel 20 (0,20)] [results1] как
[Sun Apr 21 21:08:53.002 2019] 0.001 sec 0.001 sec [ext/0/rel 20 (0,20)] [results1] как
[Sun Apr 21 21:08:57.682 2019] 0.001 sec 0.001 sec [ext/0/rel 20 (0,20)] [results1] как
[Sun Apr 21 21:15:45.028 2019] 0.000 sec 0.000 sec [ext/0/rel 20 (0,20)] [results1] как
[Sun Apr 21 21:15:46.687 2019] 0.000 sec 0.000 sec [ext/0/rel 20 (0,20)] [results1] как
[Sun Apr 21 21:16:04.509 2019] 0.000 sec 0.000 sec [ext/0/rel 20 (0,20)] [results1] как
[Sun Apr 21 21:16:06.651 2019] 0.000 sec 0.000 sec [ext/0/rel 20 (0,20)] [results1] как
[Sun Apr 21 21:16:30.869 2019] 0.000 sec 0.000 sec [ext/0/rel 20 (0,20)] [results1] как
[Sun Apr 21 21:16:33.658 2019] 0.000 sec 0.000 sec [ext/0/rel 20 (0,20)] [results1] как
[Sun Apr 21 21:30:47.126 2019] 0.000 sec 0.000 sec [ext/0/rel 20 (0,20)] [results1] как
[Sun Apr 21 21:30:49.649 2019] 0.000 sec 0.000 sec [ext/0/rel 20 (0,20)] [results1] как
[Sun Apr 21 21:32:08.752 2019] 0.000 sec 0.000 sec [ext/0/rel 20 (0,20)] [results1] как
[Sun Apr 21 21:32:11.649 2019] 0.000 sec 0.000 sec [ext/0/rel 20 (0,20)] [results1] как
[Sun Apr 21 21:35:01.313 2019] 0.001 sec 0.001 sec [ext/0/rel 20 (0,20)] [results1] как
[Sun Apr 21 21:35:03.656 2019] 0.000 sec 0.000 sec [ext/0/rel 20 (0,20)] [results1] как
[Sun Apr 21 21:36:53.491 2019] 0.000 sec 0.000 sec [ext/0/rel 20 (0,20)] [results1] как
[Sun Apr 21 21:36:55.763 2019] 0.003 sec 0.003 sec [ext/0/rel 20 (0,20)] [results1] как
[Sun Apr 21 21:41:30.915 2019] 0.000 sec 0.000 sec [ext/0/rel 20 (0,20)] [results1] как
[Sun Apr 21 21:41:33.699 2019] 0.001 sec 0.001 sec [ext/0/rel 20 (0,20)] [results1] как
[Sun Apr 21 21:42:52.925 2019] 0.000 sec 0.000 sec [ext/0/rel 20 (0,20)] [results1] как
[Sun Apr 21 21:42:55.681 2019] 0.005 sec 0.005 sec [ext/0/rel 20 (0,20)] [results1] как
[Sun Apr 21 21:45:32.071 2019] 0.000 sec 0.000 sec [ext/0/rel 20 (0,20)] [results1] как
[Sun Apr 21 21:45:33.687 2019] 0.005 sec 0.005 sec [ext/0/rel 20 (0,20)] [results1] как
[Sun Apr 21 21:46:02.028 2019] 0.000 sec 0.000 sec [ext/0/rel 20 (0,20)] [results1] как
[Sun Apr 21 21:46:04.664 2019] 0.000 sec 0.000 sec [ext/0/rel 20 (0,20)] [results1] как
[Sun Apr 21 21:54:00.848 2019] 0.000 sec 0.000 sec [ext/0/rel 20 (0,20)] [results1] как
[Sun Apr 21 21:54:03.655 2019] 0.001 sec 0.001 sec [ext/0/rel 20 (0,20)] [results1] как
[Sun Apr 21 22:14:05.234 2019] 0.000 sec 0.000 sec [ext/0/rel 20 (0,20)] [results1] как
[Sun Apr 21 22:14:07.687 2019] 0.001 sec 0.001 sec [ext/0/rel 20 (0,20)] [results1] как
[Sun Apr 21 22:17:55.084 2019] 0.000 sec 0.000 sec [ext/0/rel 20 (0,20)] [results1] как
[Sun Apr 21 22:17:57.652 2019] 0.000 sec 0.000 sec [ext/0/rel 20 (0,20)] [results1] как
[Sun Apr 21 22:19:19.381 2019] 0.000 sec 0.000 sec [ext/0/rel 20 (0,20)] [results1] как
[Sun Apr 21 22:19:20.752 2019] 0.001 sec 0.001 sec [ext/0/rel 20 (0,20)] [results1] как
[Sun Apr 21 22:19:27.742 2019] 0.001 sec 0.001 sec [ext/0/rel 20 (0,20)] [results1] как
[Fri Apr 26 18:35:34.352 2019] 0.466 sec 0.466 sec [ext/0/rel 20 (0,20)] [results1] как
[Fri Apr 26 18:35:41.063 2019] 0.001 sec 0.001 sec [ext/0/rel 20 (0,20)] [results1] как
[Fri Apr 26 18:36:31.023 2019] 0.001 sec 0.001 sec [ext/0/rel 20 (0,20)] [results1] как
[Fri Apr 26 18:36:48.939 2019] 0.068 sec 0.068 sec [ext/0/rel 21 (0,20)] [results1] фит
[Fri Apr 26 18:36:54.900 2019] 0.003 sec 0.003 sec [ext/0/rel 21 (0,20)] [results1] фит
[Fri Apr 26 19:04:57.507 2019] 0.001 sec 0.001 sec [ext/0/rel 20 (0,20)] [results1] как
[Fri Apr 26 19:05:05.883 2019] 0.001 sec 0.001 sec [ext/0/rel 20 (0,20)] [results1] как
[Fri Apr 26 19:08:26.681 2019] 0.001 sec 0.001 sec [ext/0/rel 20 (0,20)] [results1] как
[Fri Apr 26 19:08:31.659 2019] 0.003 sec 0.003 sec [ext/0/rel 20 (0,20)] [results1] как
[Fri Apr 26 19:17:22.046 2019] 0.001 sec 0.001 sec [ext/0/rel 20 (0,20)] [results1] как
[Fri Apr 26 19:17:26.421 2019] 0.000 sec 0.000 sec [ext/0/rel 20 (0,20)] [results1] как
[Fri Apr 26 19:22:44.603 2019] 0.001 sec 0.001 sec [ext/0/rel 20 (0,20)] [results1] как
[Fri Apr 26 19:26:01.495 2019] 0.027 sec 0.027 sec [ext/0/rel 20 (0,20)] [results1] как
[Fri Apr 26 19:26:02.950 2019] 0.000 sec 0.000 sec [ext/0/rel 20 (0,20)] [results1] как
[Fri Apr 26 19:26:05.897 2019] 0.001 sec 0.001 sec [ext/0/rel 20 (0,20)] [results1] как
[Fri Apr 26 19:33:39.822 2019] 0.001 sec 0.001 sec [ext/0/rel 20 (0,20)] [results1] как
[Fri Apr 26 19:33:44.881 2019] 0.001 sec 0.001 sec [ext/0/rel 20 (0,20)] [results1] как
[Fri Apr 26 19:34:14.288 2019] 0.000 sec 0.000 sec [ext/0/rel 0 (0,20)] [results1] какч
[Fri Apr 26 19:34:25.517 2019] 0.001 sec 0.001 sec [ext/0/rel 20 (0,20)] [results1] как 
[Fri Apr 26 19:34:26.761 2019] 0.001 sec 0.001 sec [ext/0/rel 20 (0,20)] [results1] как н
[Fri Apr 26 19:34:46.716 2019] 0.072 sec 0.072 sec [ext/0/rel 0 (0,20)] [results1] ццц
[Fri Apr 26 19:43:26.224 2019] 0.001 sec 0.001 sec [ext/0/rel 20 (0,20)] [results1] как
[Fri Apr 26 19:43:29.874 2019] 0.000 sec 0.000 sec [ext/0/rel 20 (0,20)] [results1] как
[Fri Apr 26 19:43:42.045 2019] 0.000 sec 0.000 sec [ext/0/rel 0 (0,20)] [results1] какц
[Fri Apr 26 19:46:57.098 2019] 0.001 sec 0.001 sec [ext/0/rel 7 (0,20)] [results1] цель
[Fri Apr 26 19:46:57.761 2019] 0.000 sec 0.000 sec [ext/0/rel 7 (0,20)] [results1] цель
[Fri Apr 26 19:47:53.478 2019] 0.000 sec 0.000 sec [ext/0/rel 7 (0,20)] [results1] цель 
[Fri Apr 26 19:47:55.410 2019] 0.000 sec 0.000 sec [ext/0/rel 7 (0,20)] [results1] цель ч
[Fri Apr 26 19:47:57.424 2019] 0.000 sec 0.000 sec [ext/0/rel 0 (0,20)] [results1] цель чччччч
[Fri Apr 26 20:02:20.396 2019] 0.019 sec 0.019 sec [ext/0/rel 9 (0,20)] [results1] цел
[Fri Apr 26 20:02:21.451 2019] 0.001 sec 0.001 sec [ext/0/rel 9 (0,20)] [results1] цел
[Fri Apr 26 20:03:43.886 2019] 0.000 sec 0.000 sec [ext/0/rel 0 (0,20)] [results1] целуу
[Fri Apr 26 20:03:48.807 2019] 0.000 sec 0.000 sec [ext/0/rel 0 (0,20)] [results1] целуу
[Fri Apr 26 20:08:09.606 2019] 0.000 sec 0.000 sec [ext/0/rel 20 (0,20)] [results1] как
[Fri Apr 26 20:08:22.591 2019] 0.000 sec 0.000 sec [ext/0/rel 0 (0,20)] [results1] какц
[Fri Apr 26 20:08:40.522 2019] 0.000 sec 0.000 sec [ext/0/rel 0 (0,20)] [results1] какц
[Fri Apr 26 20:09:32.666 2019] 0.001 sec 0.001 sec [ext/0/rel 20 (0,20)] [results1] как
[Fri Apr 26 20:09:34.833 2019] 0.000 sec 0.000 sec [ext/0/rel 20 (0,20)] [results1] как
[Fri Apr 26 20:09:43.364 2019] 0.000 sec 0.000 sec [ext/0/rel 0 (0,20)] [results1] какц
[Fri Apr 26 20:09:47.207 2019] 0.000 sec 0.000 sec [ext/0/rel 0 (0,20)] [results1] какц
[Fri Apr 26 20:11:06.005 2019] 0.000 sec 0.000 sec [ext/0/rel 0 (0,20)] [results1] цццц
[Fri Apr 26 20:11:10.602 2019] 0.000 sec 0.000 sec [ext/0/rel 0 (0,20)] [results1] цццц
[Fri Apr 26 20:17:07.840 2019] 0.127 sec 0.127 sec [ext/0/rel 0 (0,20)] [results1] 3333
[Fri Apr 26 20:17:28.409 2019] 0.000 sec 0.000 sec [ext/0/rel 20 (0,20)] [results1] как
[Fri Apr 26 20:18:51.884 2019] 0.000 sec 0.000 sec [ext/0/rel 0 (0,20)] [results1] ккккк
[Fri Apr 26 20:18:57.028 2019] 0.001 sec 0.001 sec [ext/0/rel 20 (0,20)] [results1] как
[Fri Apr 26 20:19:02.136 2019] 0.000 sec 0.000 sec [ext/0/rel 0 (0,20)] [results1] как3
[Fri Apr 26 20:19:22.884 2019] 0.000 sec 0.000 sec [ext/0/rel 0 (0,20)] [results1] цццц
[Fri Apr 26 20:19:34.799 2019] 0.000 sec 0.000 sec [ext/0/rel 9 (0,20)] [results1] цел
[Fri Apr 26 20:19:51.795 2019] 0.000 sec 0.000 sec [ext/0/rel 9 (0,20)] [results1] цел
[Fri Apr 26 20:20:14.830 2019] 0.002 sec 0.002 sec [ext/0/rel 20 (0,20)] [results1] как
[Fri Apr 26 20:20:34.175 2019] 0.000 sec 0.000 sec [ext/0/rel 20 (0,20)] [results1] как
[Fri Apr 26 20:21:18.525 2019] 0.183 sec 0.183 sec [ext/0/rel 20 (0,20)] [results1] каку
[Fri Apr 26 20:21:22.571 2019] 0.000 sec 0.000 sec [ext/0/rel 0 (0,20)] [results1] какуя
[Fri Apr 26 20:21:51.298 2019] 0.000 sec 0.000 sec [ext/0/rel 20 (0,20)] [results1] как
[Fri Apr 26 20:22:32.127 2019] 0.001 sec 0.001 sec [ext/0/rel 20 (0,20)] [results1] как
[Fri Apr 26 20:23:40.644 2019] 0.000 sec 0.000 sec [ext/0/rel 20 (0,20)] [results1] как
[Fri Apr 26 20:25:03.280 2019] 0.000 sec 0.000 sec [ext/0/rel 20 (0,20)] [results1] как
[Fri Apr 26 20:26:12.478 2019] 0.000 sec 0.000 sec [ext/0/rel 20 (0,20)] [results1] как
[Fri Apr 26 20:26:55.355 2019] 0.000 sec 0.000 sec [ext/0/rel 20 (0,20)] [results1] как
[Fri Apr 26 20:28:27.762 2019] 0.000 sec 0.000 sec [ext/0/rel 20 (0,20)] [results1] как
[Fri Apr 26 20:31:42.892 2019] 0.000 sec 0.000 sec [ext/0/rel 20 (0,20)] [results1] как
[Fri Apr 26 22:28:50.164 2019] 0.017 sec 0.017 sec [ext/0/rel 20 (0,20)] [results1] как
[Fri Apr 26 22:29:19.902 2019] 0.000 sec 0.000 sec [ext/0/rel 20 (0,20)] [results1] как
[Fri Apr 26 22:30:09.566 2019] 0.001 sec 0.001 sec [ext/0/rel 20 (0,20)] [results1] как
[Fri Apr 26 22:33:25.616 2019] 0.001 sec 0.001 sec [ext/0/rel 20 (0,20)] [results1] как
[Fri Apr 26 22:34:12.725 2019] 0.001 sec 0.001 sec [ext/0/rel 20 (0,20)] [results1] как
[Fri Apr 26 22:37:27.852 2019] 0.000 sec 0.000 sec [ext/0/rel 20 (0,20)] [results1] как
[Fri Apr 26 22:37:49.630 2019] 0.013 sec 0.013 sec [ext/0/rel 20 (0,20)] [results1] как
[Fri Apr 26 22:40:50.837 2019] 0.000 sec 0.000 sec [ext/0/rel 20 (0,20)] [results1] как
[Fri Apr 26 22:42:15.812 2019] 0.000 sec 0.000 sec [ext/0/rel 20 (0,20)] [results1] как
[Fri Apr 26 22:43:18.086 2019] 0.001 sec 0.001 sec [ext/0/rel 20 (0,20)] [results1] как
[Fri Apr 26 22:50:01.695 2019] 0.001 sec 0.001 sec [ext/0/rel 20 (0,20)] [results1] как
[Fri Apr 26 22:52:33.978 2019] 0.001 sec 0.001 sec [ext/0/rel 20 (0,20)] [results1] как
[Sat Apr 27 10:52:37.446 2019] 0.027 sec 0.027 sec [ext/0/rel 20 (0,20)] [results1] как
[Sat Apr 27 10:57:36.109 2019] 0.001 sec 0.001 sec [ext/0/rel 20 (0,20)] [results1] как
[Sat Apr 27 10:59:02.869 2019] 0.016 sec 0.016 sec [ext/0/rel 20 (0,20)] [results1] как
[Sat Apr 27 11:01:50.256 2019] 0.014 sec 0.014 sec [ext/0/rel 20 (0,20)] [results1] как
[Sat Apr 27 11:02:24.549 2019] 0.001 sec 0.001 sec [ext/0/rel 20 (0,20)] [results1] как
[Sat Apr 27 11:05:53.301 2019] 0.002 sec 0.002 sec [ext/0/rel 20 (0,20)] [results1] как
[Sat Apr 27 11:06:14.942 2019] 0.001 sec 0.001 sec [ext/0/rel 20 (0,20)] [results1] как
[Sat Apr 27 11:07:36.059 2019] 0.002 sec 0.002 sec [ext/0/rel 20 (0,20)] [results1] как
[Sat Apr 27 11:09:03.677 2019] 0.000 sec 0.000 sec [ext/0/rel 20 (0,20)] [results1] как
[Sat Apr 27 11:10:12.384 2019] 0.001 sec 0.001 sec [ext/0/rel 20 (0,20)] [results1] как
[Sat Apr 27 11:10:38.487 2019] 0.001 sec 0.001 sec [ext/0/rel 20 (0,20)] [results1] как
[Sat Apr 27 11:10:56.539 2019] 0.001 sec 0.001 sec [ext/0/rel 20 (0,20)] [results1] как
[Sat Apr 27 11:11:03.478 2019] 0.027 sec 0.027 sec [ext/0/rel 20 (0,20)] [results1] каку
[Sat Apr 27 11:11:05.593 2019] 0.007 sec 0.007 sec [ext/0/rel 0 (0,20)] [results1] какуу
[Sat Apr 27 11:11:11.207 2019] 0.019 sec 0.019 sec [ext/0/rel 9 (0,20)] [results1] цел
[Sat Apr 27 11:11:14.559 2019] 0.000 sec 0.000 sec [ext/0/rel 9 (0,20)] [results1] цел
[Sat Apr 27 11:11:59.005 2019] 0.001 sec 0.001 sec [ext/0/rel 20 (0,20)] [results1] как
[Sat Apr 27 11:14:58.002 2019] 0.000 sec 0.000 sec [ext/0/rel 20 (0,20)] [results1] как
[Sat Apr 27 11:19:08.127 2019] 0.000 sec 0.000 sec [ext/0/rel 9 (0,20)] [results1] цел
[Sat Apr 27 11:30:03.556 2019] 0.001 sec 0.001 sec [ext/0/rel 20 (0,20)] [results1] как
[Sat Apr 27 11:30:06.774 2019] 0.000 sec 0.000 sec [ext/0/rel 20 (0,20)] [results1] как
[Sat Apr 27 11:37:03.564 2019] 0.000 sec 0.000 sec [ext/0/rel 20 (0,20)] [results1] как
[Sat Apr 27 11:37:08.657 2019] 0.000 sec 0.000 sec [ext/0/rel 20 (0,20)] [results1] как
[Sat Apr 27 11:51:35.649 2019] 0.001 sec 0.001 sec [ext/0/rel 20 (0,20)] [results1] как
[Sat Apr 27 11:51:39.751 2019] 0.037 sec 0.037 sec [ext/0/rel 0 (0,20)] [results1] какккк
[Sat Apr 27 11:58:20.702 2019] 0.000 sec 0.000 sec [ext/0/rel 0 (0,20)] [results1] цццц
[Sat Apr 27 11:58:39.057 2019] 0.000 sec 0.000 sec [ext/0/rel 0 (0,20)] [results1] цццц
[Sat Apr 27 11:58:39.724 2019] 0.000 sec 0.000 sec [ext/0/rel 0 (0,20)] [results1] цццц
[Sat Apr 27 11:58:40.606 2019] 0.000 sec 0.000 sec [ext/0/rel 0 (0,20)] [results1] цццц
[Sat Apr 27 11:58:44.515 2019] 0.000 sec 0.000 sec [ext/0/rel 0 (0,20)] [results1] цеол
[Sat Apr 27 11:58:49.183 2019] 0.000 sec 0.000 sec [ext/0/rel 9 (0,20)] [results1] цел
[Sat Apr 27 11:59:19.734 2019] 0.000 sec 0.000 sec [ext/0/rel 9 (0,20)] [results1] цел
[Sat Apr 27 12:00:46.401 2019] 0.020 sec 0.020 sec [ext/0/rel 0 (0,20)] [results1] кккк
[Sat Apr 27 12:04:58.578 2019] 0.001 sec 0.001 sec [ext/0/rel 20 (0,20)] [results1] как
[Sat Apr 27 12:05:02.794 2019] 0.000 sec 0.000 sec [ext/0/rel 0 (0,20)] [results1] какккк
[Sat Apr 27 12:05:09.372 2019] 0.000 sec 0.000 sec [ext/0/rel 20 (0,20)] [results1] как
[Sat Apr 27 12:05:36.530 2019] 0.070 sec 0.070 sec [ext/0/rel 20 (0,20)] [results1] как 
[Sat Apr 27 12:05:39.515 2019] 0.001 sec 0.001 sec [ext/0/rel 20 (0,20)] [results1] как  
[Sat Apr 27 12:05:44.723 2019] 0.000 sec 0.000 sec [ext/0/rel 20 (0,20)] [results1] как 
[Sat Apr 27 12:05:46.725 2019] 0.009 sec 0.009 sec [ext/0/rel 20 (0,20)] [results1] как п
[Sat Apr 27 12:05:51.992 2019] 0.000 sec 0.000 sec [ext/0/rel 0 (0,20)] [results1] кау
[Sat Apr 27 12:06:00.726 2019] 0.001 sec 0.001 sec [ext/0/rel 20 (0,20)] [results1] как
[Sat Apr 27 12:06:04.657 2019] 0.000 sec 0.000 sec [ext/0/rel 20 (0,20)] [results1] как 
[Sat Apr 27 12:10:56.686 2019] 0.026 sec 0.026 sec [ext/0/rel 20 (0,20)] [results1] как
[Sat Apr 27 12:10:59.159 2019] 0.001 sec 0.001 sec [ext/0/rel 0 (0,20)] [results1] какк
[Sat Apr 27 12:11:02.807 2019] 0.001 sec 0.001 sec [ext/0/rel 20 (0,20)] [results1] как
[Sat Apr 27 12:12:10.786 2019] 0.029 sec 0.029 sec [ext/0/rel 20 (0,20)] [results1] каку
[Sat Apr 27 12:12:11.976 2019] 0.001 sec 0.001 sec [ext/0/rel 0 (0,20)] [results1] какууу
[Sat Apr 27 12:13:23.862 2019] 0.000 sec 0.000 sec [ext/0/rel 0 (0,20)] [results1] ууууу
[Sat Apr 27 12:13:30.547 2019] 0.001 sec 0.001 sec [ext/0/rel 20 (0,20)] [results1] как
[Sat Apr 27 13:23:50.313 2019] 0.000 sec 0.000 sec [ext/0/rel 20 (0,20)] [results1] как
[Sat Apr 27 13:25:20.480 2019] 0.011 sec 0.011 sec [ext/0/rel 20 (0,20)] [results1] как 
[Sat Apr 27 13:25:21.438 2019] 0.001 sec 0.001 sec [ext/0/rel 20 (0,20)] [results1] как    
[Sat Apr 27 13:25:27.418 2019] 0.000 sec 0.000 sec [ext/0/rel 9 (0,20)] [results1] цел
[Sat Apr 27 13:27:21.114 2019] 0.001 sec 0.001 sec [ext/0/rel 20 (0,20)] [results1] как
[Sat Apr 27 13:27:36.779 2019] 0.007 sec 0.007 sec [ext/0/rel 20 (0,20)] [results1] как
[Sat Apr 27 13:29:03.672 2019] 0.000 sec 0.000 sec [ext/0/rel 0 (0,20)] [results1] какффф
[Sat Apr 27 13:33:44.677 2019] 0.000 sec 0.000 sec [ext/0/rel 20 (0,20)] [results1] как
[Sat Apr 27 13:35:14.333 2019] 0.001 sec 0.001 sec [ext/0/rel 20 (0,20)] [results1] как
[Sat Apr 27 13:35:59.278 2019] 0.000 sec 0.000 sec [ext/0/rel 20 (0,20)] [results1] как
[Sat Apr 27 13:37:13.681 2019] 0.000 sec 0.000 sec [ext/0/rel 0 (0,20)] [results1] какцц
[Sat Apr 27 13:39:30.167 2019] 0.001 sec 0.001 sec [ext/0/rel 20 (0,20)] [results1] как
[Sat Apr 27 13:41:44.897 2019] 0.001 sec 0.001 sec [ext/0/rel 20 (0,20)] [results1] как
[Sat Apr 27 13:42:19.881 2019] 0.000 sec 0.000 sec [ext/0/rel 0 (0,20)] [results1] ккккк
[Sat Apr 27 15:20:41.858 2019] 0.001 sec 0.001 sec [ext/0/rel 20 (0,20)] [results1] как
[Sat Apr 27 15:20:50.158 2019] 0.000 sec 0.000 sec [ext/0/rel 20 (0,20)] [results1] каку
[Sat Apr 27 15:20:52.711 2019] 0.000 sec 0.000 sec [ext/0/rel 0 (0,20)] [results1] какуу
[Sat Apr 27 15:20:58.224 2019] 0.000 sec 0.000 sec [ext/0/rel 20 (0,20)] [results1] как
[Sat Apr 27 15:23:34.086 2019] 0.000 sec 0.000 sec [ext/0/rel 0 (0,20)] [results1] какййй
[Sat Apr 27 15:24:55.663 2019] 0.007 sec 0.007 sec [ext/0/rel 20 (0,20)] [results1] как
[Sat Apr 27 15:28:16.740 2019] 0.000 sec 0.000 sec [ext/0/rel 0 (0,20)] [results1] какццц
[Sat Apr 27 15:34:11.326 2019] 0.034 sec 0.034 sec [ext/0/rel 21 (0,20)] [results1] фит
[Sat Apr 27 15:34:26.672 2019] 0.000 sec 0.000 sec [ext/0/rel 9 (0,20)] [results1] цел
[Sat Apr 27 15:34:36.737 2019] 0.000 sec 0.000 sec [ext/0/rel 9 (0,20)] [results1] цел
[Sat Apr 27 15:34:46.857 2019] 0.035 sec 0.035 sec [ext/0/rel 20 (0,20)] [results1] сил
[Sat Apr 27 15:35:13.740 2019] 0.019 sec 0.019 sec [ext/0/rel 10 (0,20)] [results1] ног
[Sat Apr 27 15:35:14.602 2019] 0.000 sec 0.000 sec [ext/0/rel 10 (0,20)] [results1] ноги
[Sat Apr 27 15:35:33.469 2019] 0.014 sec 0.014 sec [ext/0/rel 11 (0,20)] [results1] жир
[Sun Apr 28 14:44:51.527 2019] 0.180 sec 0.180 sec [ext/0/rel 8 (0,20)] [results1] оптим
[Sun Apr 28 15:02:23.957 2019] 0.110 sec 0.110 sec [ext/0/rel 13 (0,20)] [results1] моти
[Sun Apr 28 15:02:24.906 2019] 0.020 sec 0.020 sec [ext/0/rel 13 (0,20)] [results1] мотив
[Sun Apr 28 17:37:00.737 2019] 0.032 sec 0.032 sec [ext/0/rel 20 (0,20)] [results1] как
[Sun Apr 28 17:37:30.858 2019] 0.031 sec 0.031 sec [ext/0/rel 20 (0,20)] [results1] как
